#-----------------------------------------------------------
# Vivado v2019.1 (64-bit)
# SW Build 2552052 on Fri May 24 14:49:42 MDT 2019
# IP Build 2548770 on Fri May 24 18:01:18 MDT 2019
# Start of session at: Mon Nov  4 13:35:38 2019
# Process ID: 20220
# Current directory: C:/Users/roopa/OneDrive/Desktop/week2_latest/week2/django_project/blog/Adder/vivado_run
# Command line: vivado.exe -gui_launcher_event rodinguilauncherevent9340 C:\Users\roopa\OneDrive\Desktop\week2_latest\week2\django_project\blog\Adder\vivado_run\post_synth.dcp
# Log file: C:/Users/roopa/OneDrive/Desktop/week2_latest/week2/django_project/blog/Adder/vivado_run/vivado.log
# Journal file: C:/Users/roopa/OneDrive/Desktop/week2_latest/week2/django_project/blog/Adder/vivado_run\vivado.jou
#-----------------------------------------------------------
start_gui
open_checkpoint C:/Users/roopa/OneDrive/Desktop/week2_latest/week2/django_project/blog/Adder/vivado_run/post_synth.dcp
Command: open_checkpoint C:/Users/roopa/OneDrive/Desktop/week2_latest/week2/django_project/blog/Adder/vivado_run/post_synth.dcp

Starting open_checkpoint Task

Time (s): cpu = 00:00:00 ; elapsed = 00:00:00.062 . Memory (MB): peak = 730.730 ; gain = 1.035
INFO: [IP_Flow 19-234] Refreshing IP repositories
INFO: [IP_Flow 19-1704] No user IP repositories specified
INFO: [IP_Flow 19-2313] Loaded Vivado IP repository 'C:/Xilinx/Vivado/2019.1/data/ip'.
INFO: [Device 21-403] Loading part xc7a35tcpg236-1
INFO: [Netlist 29-17] Analyzing 97 Unisim elements for replacement
INFO: [Netlist 29-28] Unisim Transformation completed in 0 CPU seconds
WARNING: [Netlist 29-101] Netlist 'top' is not ideal for floorplanning, since the cellview 'top' contains a large number of primitives.  Please consider enabling hierarchy in synthesis if you want to do floorplanning.
INFO: [Project 1-479] Netlist was created with Vivado 2019.1
INFO: [Project 1-570] Preparing netlist for logic optimization
Netlist sorting complete. Time (s): cpu = 00:00:00 ; elapsed = 00:00:00.001 . Memory (MB): peak = 1065.758 ; gain = 0.000
INFO: [Project 1-111] Unisim Transformation Summary:
No Unisim elements were transformed.

INFO: [Project 1-604] Checkpoint was created with Vivado v2019.1 (64-bit) build 2552052
open_checkpoint: Time (s): cpu = 00:00:34 ; elapsed = 00:00:22 . Memory (MB): peak = 1234.039 ; gain = 522.141
